2019-12-24 10:46:19,740 :: utils.py :: save_log
	run :: args: {'input_train_file': '../data/xente_fraud_detection_train.csv', 'input_test_file': '../data/xente_fraud_detection_test.csv', 'output_balanced_train_x_file': '../data/balanced_train_x.csv', 'output_balanced_train_y_file': '../data/balanced_train_y.csv', 'output_valid_x_file': '../data/valid_x.csv', 'output_valid_y_file': '../data/valid_y.csv', 'output_valid_result_file': '../data/valid_result.csv', 'output_test_result_file': '../data/xente_output_final.txt.'}

2019-12-24 10:46:19,740 :: utils.py :: save_log
	__main__ :: train
2019-12-24 10:46:19,740 :: utils.py :: save_log
	utils :: read_data
2019-12-24 10:46:22,815 :: utils.py :: save_log
	preprocess :: generate_new_features
2019-12-24 10:46:22,815 :: utils.py :: save_log
	preprocess :: create_feature_is_credit_or_debit
2019-12-24 10:46:22,907 :: utils.py :: save_log
	preprocess :: create_feature_how_huge_is_value
2019-12-24 10:46:23,435 :: utils.py :: save_log
	preprocess :: create_features_from_transaction_timestamp
2019-12-24 10:46:23,479 :: utils.py :: save_log
	preprocess :: create_feature_based_on_spent_by_timestamp
2019-12-24 10:46:23,509 :: utils.py :: save_log
	preprocess :: create_features_for_transaction_value_and_category
2019-12-24 10:46:23,509 :: utils.py :: save_log
	preprocess :: create_feature_average_value_for_category
2019-12-24 10:46:23,582 :: utils.py :: save_log
	preprocess :: create_feature_ratio_between_value_and_category
2019-12-24 10:46:23,596 :: utils.py :: save_log
	preprocess :: create_feature_average_value_for_category
2019-12-24 10:46:23,656 :: utils.py :: save_log
	preprocess :: create_feature_ratio_between_value_and_category
2019-12-24 10:46:23,666 :: utils.py :: save_log
	models :: identify_outliers
2019-12-24 10:46:23,667 :: utils.py :: save_log
	models :: get_percentage_of_fraudulent_transactions
2019-12-24 10:46:38,260 :: utils.py :: save_log
	models :: identify_outliers_with_isolation_forest
2019-12-24 10:46:38,261 :: utils.py :: save_log
	isolation_forest :: train_isolation_forest
2019-12-24 10:46:38,261 :: utils.py :: save_log
	Loading Isolation Forest model.
2019-12-24 10:46:39,934 :: utils.py :: save_log
	models :: identify_outliers_with_knn
2019-12-24 10:46:39,934 :: utils.py :: save_log
	knn :: train_knn
2019-12-24 10:46:39,934 :: utils.py :: save_log
	Loading KNN model.
2019-12-24 10:46:49,073 :: utils.py :: save_log
	models :: identify_outliers_with_lscp
2019-12-24 10:46:49,073 :: utils.py :: save_log
	lscp :: train_lscp
2019-12-24 10:46:49,073 :: utils.py :: save_log
	Loading LSCP model.
2019-12-24 10:49:13,756 :: utils.py :: save_log
	utils :: update_features_list
2019-12-24 10:49:13,948 :: utils.py :: save_log
	visualization :: plot_heatmap
2019-12-24 10:49:45,963 :: utils.py :: save_log
	utils :: split_training_and_validation
2019-12-24 10:49:46,407 :: utils.py :: save_log
	models :: balance_data_set
2019-12-24 10:49:46,726 :: utils.py :: save_log
	cat_boost :: train_cat_boost
2019-12-24 10:49:46,726 :: utils.py :: save_log
	cat_boost :: get_model_cat_boost
2019-12-24 10:50:21,502 :: utils.py :: save_log
	visualization :: plot_feature_importance
